#
# A fatal error has been detected by the Java Runtime Environment:
#
#  SIGSEGV (0xb) at pc=0x00007fa1ad05b0ba, pid=9185, tid=140331454605056
#
# JRE version: Java(TM) SE Runtime Environment (7.0_55-b13) (build 1.7.0_55-b13)
# Java VM: Java HotSpot(TM) 64-Bit Server VM (24.55-b03 mixed mode linux-amd64 compressed oops)
# Problematic frame:
# v  ~BufferBlob::jni_fast_GetLongField
#
# Failed to write core dump. Core dumps have been disabled. To enable core dumping, try "ulimit -c unlimited" before starting Java again
#
# If you would like to submit a bug report, please visit:
#   http://bugreport.sun.com/bugreport/crash.jsp
# The crash happened outside the Java Virtual Machine in native code.
# See problematic frame for where to report the bug.
#

---------------  T H R E A D  ---------------

Current thread (0x00007fa1b01be000):  JavaThread "AWT-XAWT" daemon [_thread_in_native, id=9205, stack(0x00007fa17670a000,0x00007fa17680b000)]

siginfo:si_signo=SIGSEGV: si_errno=0, si_code=1 (SEGV_MAPERR), si_addr=0x0000000000000000

Registers:
RAX=0x00007fa1b7466400, RBX=0x000000009ff5d840, RCX=0x00007fa1b7ebe320, RDX=0x0000000000000042
RSP=0x00007fa176809638, RBP=0x00007fa176809660, RSI=0x0000000000000000, RDI=0x00007fa1b01be1e8
R8 =0x00000000000001f4, R9 =0x0000000000000000, R10=0x0000000000000018, R11=0x00007fa1b6f05e40
R12=0x00007fa1b01be1e8, R13=0x0000000000000000, R14=0x00007fa177ffefc0, R15=0x00007fa1b01be000
RIP=0x00007fa1ad05b0ba, EFLAGS=0x0000000000010246, CSGSFS=0x0000000000000033, ERR=0x0000000000000004
  TRAPNO=0x000000000000000e

Top of Stack: (sp=0x00007fa176809638)
0x00007fa176809638:   00007fa177dc9781 000000009ff5d840
0x00007fa176809648:   00007fa160075620 000000009ff5d840
0x00007fa176809658:   00007fa176809748 0000000000000000
0x00007fa176809668:   00007fa1778c5ae8 000000009ff5d840
0x00007fa176809678:   00007fa1768096a0 0000000000000000
0x00007fa176809688:   00007fa1778bd9a3 000000009ff5d840
0x00007fa176809698:   00007fa177dbf61f 00007fa176809710
0x00007fa1768096a8:   00007fa1ad012cd8 00007fa1ad006233
0x00007fa1768096b8:   0000000000000000 00000000e19ac9c0
0x00007fa1768096c8:   0000000000000000 00007fa1768096d0
0x00007fa1768096d8:   0000000000000000 00007fa176809748
0x00007fa1768096e8:   000000009ff63908 0000000000000000
0x00007fa1768096f8:   000000009ff5d840 0000000000000000
0x00007fa176809708:   00007fa176809730 00007fa176809790
0x00007fa176809718:   00007fa1ad006350 00000000e19d3d78
0x00007fa176809728:   00007fa1ad00ecc0 0000000000000000
0x00007fa176809738:   00007fa176809790 00007fa168002e20
0x00007fa176809748:   00000000e19f4bf8 00007fa176809750
0x00007fa176809758:   000000009fe52c8c 00007fa1768097d8
0x00007fa176809768:   000000009fe5e730 00000000a0ac6058
0x00007fa176809778:   000000009fe52dc0 00007fa176809730
0x00007fa176809788:   00007fa1768097d0 00007fa176809820
0x00007fa176809798:   00007fa1ad006058 0000000000000000
0x00007fa1768097a8:   00000000e2e44c48 0000000000000000
0x00007fa1768097b8:   0000000000000000 0000000000000000
0x00007fa1768097c8:   00000000e19f4bf8 0000000000000000
0x00007fa1768097d8:   00000000e19d5250 00007fa1768097e0
0x00007fa1768097e8:   000000009fe52a95 00007fa176809830
0x00007fa1768097f8:   000000009fe5e730 0000000000000000
0x00007fa176809808:   000000009fe52aa0 00007fa1768097d0
0x00007fa176809818:   00007fa176809830 00007fa176809878
0x00007fa176809828:   00007fa1ad006706 00000000e19d5250 

Instructions: (pc=0x00007fa1ad05b0ba)
0x00007fa1ad05b09a:   00 00 00 00 00 00 44 8b 15 61 ef 43 0a 4c 8b ce
0x00007fa1ad05b0aa:   41 f6 c2 01 0f 85 2e 00 00 00 4d 33 ca 4d 33 ca
0x00007fa1ad05b0ba:   4d 8b 09 4c 8b da 49 c1 eb 02 4b 8b 04 19 49 bb
0x00007fa1ad05b0ca:   08 a0 49 b7 a1 7f 00 00 4c 33 d8 4c 33 d8 45 3b 

Register to memory mapping:

RAX=0x00007fa1b7466400: <offset 0xe08400> in /usr/lib/jvm/java-7-oracle/jre/lib/amd64/server/libjvm.so at 0x00007fa1b665e000
RBX=0x000000009ff5d840 is an oop
{method} 
 - klass: {other class}
RCX=0x00007fa1b7ebe320: <offset 0x219320> in /lib/x86_64-linux-gnu/libpthread.so.0 at 0x00007fa1b7ca5000
RDX=0x0000000000000042 is an unknown value
RSP=0x00007fa176809638 is pointing into the stack for thread: 0x00007fa1b01be000
RBP=0x00007fa176809660 is pointing into the stack for thread: 0x00007fa1b01be000
RSI=0x0000000000000000 is an unknown value
RDI=0x00007fa1b01be1e8 is an unknown value
R8 =0x00000000000001f4 is an unknown value
R9 =0x0000000000000000 is an unknown value
R10=0x0000000000000018 is an unknown value
R11=0x00007fa1b6f05e40: <offset 0x8a7e40> in /usr/lib/jvm/java-7-oracle/jre/lib/amd64/server/libjvm.so at 0x00007fa1b665e000
R12=0x00007fa1b01be1e8 is an unknown value
R13=0x0000000000000000 is an unknown value
R14=0x00007fa177ffefc0: <offset 0x253fc0> in /usr/lib/jvm/java-7-oracle/jre/lib/amd64/xawt/libmawt.so at 0x00007fa177dab000
R15=0x00007fa1b01be000 is a thread


Stack: [0x00007fa17670a000,0x00007fa17680b000],  sp=0x00007fa176809638,  free space=1021k
Native frames: (J=compiled Java code, j=interpreted, Vv=VM code, C=native code)
v  ~BufferBlob::jni_fast_GetLongField

Java frames: (J=compiled Java code, j=interpreted, Vv=VM code)
j  sun.awt.X11.XlibWrapper.XFilterEvent(JJ)Z+0
j  sun.awt.X11.XToolkit.run(Z)V+300
j  sun.awt.X11.XToolkit.run()V+5
j  java.lang.Thread.run()V+11
v  ~StubRoutines::call_stub

---------------  P R O C E S S  ---------------

Java Threads: ( => current thread )
  0x00007fa1600a4800 JavaThread "Abandoned connection cleanup thread" daemon [_thread_blocked, id=9209, stack(0x00007fa175490000,0x00007fa175591000)]
  0x00007fa160047000 JavaThread "TimerQueue" daemon [_thread_blocked, id=9208, stack(0x00007fa1758d1000,0x00007fa1759d2000)]
  0x00007fa1b000a000 JavaThread "DestroyJavaVM" [_thread_blocked, id=9190, stack(0x00007fa1b7fc6000,0x00007fa1b80c7000)]
  0x00007fa1b0255800 JavaThread "AWT-EventQueue-0" [_thread_blocked, id=9207, stack(0x00007fa175c51000,0x00007fa175d52000)]
  0x00007fa1b02a9000 JavaThread "AWT-Shutdown" [_thread_blocked, id=9206, stack(0x00007fa175d52000,0x00007fa175e53000)]
=>0x00007fa1b01be000 JavaThread "AWT-XAWT" daemon [_thread_in_native, id=9205, stack(0x00007fa17670a000,0x00007fa17680b000)]
  0x00007fa1b019e000 JavaThread "Java2D Disposer" daemon [_thread_blocked, id=9203, stack(0x00007fa1a4014000,0x00007fa1a4115000)]
  0x00007fa1b0096000 JavaThread "Service Thread" daemon [_thread_blocked, id=9201, stack(0x00007fa1a44e8000,0x00007fa1a45e9000)]
  0x00007fa1b0094000 JavaThread "C2 CompilerThread1" daemon [_thread_blocked, id=9200, stack(0x00007fa1a45e9000,0x00007fa1a46ea000)]
  0x00007fa1b0091000 JavaThread "C2 CompilerThread0" daemon [_thread_blocked, id=9199, stack(0x00007fa1a46ea000,0x00007fa1a47eb000)]
  0x00007fa1b0086800 JavaThread "Signal Dispatcher" daemon [_thread_blocked, id=9198, stack(0x00007fa1a47eb000,0x00007fa1a48ec000)]
  0x00007fa1b0070000 JavaThread "Finalizer" daemon [_thread_blocked, id=9197, stack(0x00007fa1ac0d0000,0x00007fa1ac1d1000)]
  0x00007fa1b006c000 JavaThread "Reference Handler" daemon [_thread_blocked, id=9196, stack(0x00007fa1ac1d1000,0x00007fa1ac2d2000)]

Other Threads:
  0x00007fa1b0069800 VMThread [stack: 0x00007fa1ac2d2000,0x00007fa1ac3d3000] [id=9195]
  0x00007fa1b00a1000 WatcherThread [stack: 0x00007fa1a43e7000,0x00007fa1a44e8000] [id=9202]

VM state:not at safepoint (normal execution)

VM Mutex/Monitor currently owned by a thread: None

Heap
 PSYoungGen      total 27648K, used 23471K [0x00000000e1900000, 0x00000000e3780000, 0x0000000100000000)
  eden space 24064K, 97% used [0x00000000e1900000,0x00000000e2febdf0,0x00000000e3080000)
  from space 3584K, 0% used [0x00000000e3400000,0x00000000e3400000,0x00000000e3780000)
  to   space 3584K, 0% used [0x00000000e3080000,0x00000000e3080000,0x00000000e3400000)
 ParOldGen       total 61952K, used 0K [0x00000000a4c00000, 0x00000000a8880000, 0x00000000e1900000)
  object space 61952K, 0% used [0x00000000a4c00000,0x00000000a4c00000,0x00000000a8880000)
 PSPermGen       total 21504K, used 17205K [0x000000009fa00000, 0x00000000a0f00000, 0x00000000a4c00000)
  object space 21504K, 80% used [0x000000009fa00000,0x00000000a0acd608,0x00000000a0f00000)

Card table byte_map: [0x00007fa1b4fbc000,0x00007fa1b52c0000] byte_map_base: 0x00007fa1b4abf000

Polling page: 0x00007fa1b80e2000

Code Cache  [0x00007fa1ad000000, 0x00007fa1ad270000, 0x00007fa1b0000000)
 total_blobs=669 nmethods=123 adapters=499 free_code_cache=48364Kb largest_free_block=49487104

Compilation events (10 events):
Event: 1023,535 Thread 0x00007fa1b0091000  117             sun.awt.X11.XToolkit::getDisplay (4 bytes)
Event: 1023,536 Thread 0x00007fa1b0091000 nmethod 117 0x00007fa1ad0be990 code [0x00007fa1ad0beac0, 0x00007fa1ad0beb18]
Event: 1460,031 Thread 0x00007fa1b0094000  118 % !         com.mysql.jdbc.AbandonedConnectionCleanupThread::run @ 11 (68 bytes)
Event: 1460,035 Thread 0x00007fa1b0094000 nmethod 118% 0x00007fa1ad0c1b90 code [0x00007fa1ad0c1ce0, 0x00007fa1ad0c1dc8]
Event: 42277,749 Thread 0x00007fa1b0091000  120   !         sun.awt.X11.XToolkit::callTimeoutTasks (220 bytes)
Event: 42277,757 Thread 0x00007fa1b0091000 nmethod 120 0x00007fa1ad0c2d50 code [0x00007fa1ad0c2ee0, 0x00007fa1ad0c3218]
Event: 42688,259 Thread 0x00007fa1b0094000  121   !         sun.awt.X11.XToolkit::getNextTaskTime (55 bytes)
Event: 42688,267 Thread 0x00007fa1b0094000 nmethod 121 0x00007fa1ad0c24d0 code [0x00007fa1ad0c2660, 0x00007fa1ad0c2920]
Event: 44567,554 Thread 0x00007fa1b0091000  123 % !         sun.awt.X11.XToolkit::run @ 59 (410 bytes)
Event: 44567,602 Thread 0x00007fa1b0091000 nmethod 123% 0x00007fa1ad0c89d0 code [0x00007fa1ad0c9100, 0x00007fa1ad0cb150]

GC Heap History (0 events):
No events

Deoptimization events (10 events):
Event: 0,598 Thread 0x00007fa1b0255800 Uncommon trap: reason=class_check action=maybe_recompile pc=0x00007fa1ad07bae0 method=java.lang.String.equals(Ljava/lang/Object;)Z @ 8
Event: 1,573 Thread 0x00007fa1b0255800 Uncommon trap: reason=class_check action=maybe_recompile pc=0x00007fa1ad07e690 method=java.util.Properties$LineReader.readLine()I @ 62
Event: 1,574 Thread 0x00007fa1b0255800 Uncommon trap: reason=class_check action=maybe_recompile pc=0x00007fa1ad07e690 method=java.util.Properties$LineReader.readLine()I @ 62
Event: 1,574 Thread 0x00007fa1b0255800 Uncommon trap: reason=class_check action=maybe_recompile pc=0x00007fa1ad07e690 method=java.util.Properties$LineReader.readLine()I @ 62
Event: 1,574 Thread 0x00007fa1b0255800 Uncommon trap: reason=class_check action=maybe_recompile pc=0x00007fa1ad07e690 method=java.util.Properties$LineReader.readLine()I @ 62
Event: 6,778 Thread 0x00007fa1b0255800 Uncommon trap: reason=class_check action=maybe_recompile pc=0x00007fa1ad09b3fc method=java.util.Properties$LineReader.readLine()I @ 402
Event: 6,836 Thread 0x00007fa1b0255800 Uncommon trap: reason=class_check action=maybe_recompile pc=0x00007fa1ad0abad4 method=sun.util.logging.PlatformLogger.finest(Ljava/lang/String;)V @ 8
Event: 6,836 Thread 0x00007fa1b0255800 Uncommon trap: reason=class_check action=maybe_recompile pc=0x00007fa1ad0abad4 method=sun.util.logging.PlatformLogger.finest(Ljava/lang/String;)V @ 8
Event: 6,836 Thread 0x00007fa1b0255800 Uncommon trap: reason=class_check action=maybe_recompile pc=0x00007fa1ad0abad4 method=sun.util.logging.PlatformLogger.finest(Ljava/lang/String;)V @ 8
Event: 6,836 Thread 0x00007fa1b0255800 Uncommon trap: reason=class_check action=maybe_recompile pc=0x00007fa1ad0abad4 method=sun.util.logging.PlatformLogger.finest(Ljava/lang/String;)V @ 8

Internal exceptions (10 events):
Event: 1,828 Thread 0x00007fa1b0255800 Threw 0x00000000e26799f0 at /HUDSON/workspace/7u-2-build-linux-amd64/jdk7u55/869/hotspot/src/share/vm/prims/jvm.cpp:1244
Event: 1,829 Thread 0x00007fa1b0255800 Threw 0x00000000e26844d0 at /HUDSON/workspace/7u-2-build-linux-amd64/jdk7u55/869/hotspot/src/share/vm/prims/jvm.cpp:1244
Event: 1,830 Thread 0x00007fa1b0255800 Threw 0x00000000e2687960 at /HUDSON/workspace/7u-2-build-linux-amd64/jdk7u55/869/hotspot/src/share/vm/prims/jvm.cpp:1244
Event: 1,830 Thread 0x00007fa1b0255800 Threw 0x00000000e2689da0 at /HUDSON/workspace/7u-2-build-linux-amd64/jdk7u55/869/hotspot/src/share/vm/prims/jvm.cpp:1244
Event: 6,776 Thread 0x00007fa1b0255800 Threw 0x00000000e2b0e8d8 at /HUDSON/workspace/7u-2-build-linux-amd64/jdk7u55/869/hotspot/src/share/vm/prims/jvm.cpp:1244
Event: 6,779 Thread 0x00007fa1b0255800 Threw 0x00000000e2b1a980 at /HUDSON/workspace/7u-2-build-linux-amd64/jdk7u55/869/hotspot/src/share/vm/prims/jvm.cpp:1244
Event: 6,779 Thread 0x00007fa1b0255800 Threw 0x00000000e2b1c2f0 at /HUDSON/workspace/7u-2-build-linux-amd64/jdk7u55/869/hotspot/src/share/vm/prims/jvm.cpp:1244
Event: 6,791 Thread 0x00007fa1b0255800 Threw 0x00000000e2bcf468 at /HUDSON/workspace/7u-2-build-linux-amd64/jdk7u55/869/hotspot/src/share/vm/prims/jvm.cpp:1244
Event: 6,791 Thread 0x00007fa1b0255800 Threw 0x00000000e2bd0bd8 at /HUDSON/workspace/7u-2-build-linux-amd64/jdk7u55/869/hotspot/src/share/vm/prims/jvm.cpp:1244
Event: 9,704 Thread 0x00007fa1b0255800 Threw 0x00000000e2e9ed68 at /HUDSON/workspace/7u-2-build-linux-amd64/jdk7u55/869/hotspot/src/share/vm/prims/jni.cpp:743

Events (10 events):
Event: 27,250 Executing VM operation: RevokeBias
Event: 27,250 Executing VM operation: RevokeBias done
Event: 27,250 loading class 0x00007fa1b0244570
Event: 27,250 loading class 0x00007fa1b0244570 done
Event: 41045,530 loading class 0x00007fa180012e70
Event: 41045,620 loading class 0x00007fa180012e70 done
Event: 41045,620 loading class 0x00007fa180012e40
Event: 41045,621 loading class 0x00007fa180012e40 done
Event: 44877,002 loading class 0x00007fa18002c9e0
Event: 44877,002 loading class 0x00007fa18002c9e0 done


Dynamic libraries:
00400000-00401000 r-xp 00000000 08:0b 683917                             /usr/lib/jvm/java-7-oracle/bin/java
00600000-00601000 rw-p 00000000 08:0b 683917                             /usr/lib/jvm/java-7-oracle/bin/java
01a63000-01a84000 rw-p 00000000 00:00 0                                  [heap]
9fa00000-a0f00000 rw-p 00000000 00:00 0 
a0f00000-a4c00000 rw-p 00000000 00:00 0 
a4c00000-a8880000 rw-p 00000000 00:00 0 
a8880000-e1900000 rw-p 00000000 00:00 0 
e1900000-e3780000 rw-p 00000000 00:00 0 
e3780000-100000000 rw-p 00000000 00:00 0 
7fa158000000-7fa158021000 rw-p 00000000 00:00 0 
7fa158021000-7fa15c000000 ---p 00000000 00:00 0 
7fa160000000-7fa160249000 rw-p 00000000 00:00 0 
7fa160249000-7fa164000000 ---p 00000000 00:00 0 
7fa164000000-7fa164021000 rw-p 00000000 00:00 0 
7fa164021000-7fa168000000 ---p 00000000 00:00 0 
7fa168000000-7fa168032000 rw-p 00000000 00:00 0 
7fa168032000-7fa16c000000 ---p 00000000 00:00 0 
7fa16c000000-7fa16c021000 rw-p 00000000 00:00 0 
7fa16c021000-7fa170000000 ---p 00000000 00:00 0 
7fa170000000-7fa170021000 rw-p 00000000 00:00 0 
7fa170021000-7fa174000000 ---p 00000000 00:00 0 
7fa175490000-7fa175493000 ---p 00000000 00:00 0 
7fa175493000-7fa175591000 rw-p 00000000 00:00 0                          [stack:9209]
7fa175591000-7fa1755bb000 r-xp 00000000 08:0b 681550                     /usr/lib/jvm/java-7-oracle/jre/lib/amd64/libdcpr.so
7fa1755bb000-7fa1757bb000 ---p 0002a000 08:0b 681550                     /usr/lib/jvm/java-7-oracle/jre/lib/amd64/libdcpr.so
7fa1757bb000-7fa1757be000 rw-p 0002a000 08:0b 681550                     /usr/lib/jvm/java-7-oracle/jre/lib/amd64/libdcpr.so
7fa1757be000-7fa1758d1000 rw-s 00000000 00:04 371720403                  /SYSV00000000 (deleted)
7fa1758d1000-7fa1758d4000 ---p 00000000 00:00 0 
7fa1758d4000-7fa1759d2000 rw-p 00000000 00:00 0                          [stack:9208]
7fa1759d2000-7fa175a3a000 r-xp 00000000 08:0b 681541                     /usr/lib/jvm/java-7-oracle/jre/lib/amd64/libt2k.so
7fa175a3a000-7fa175c3a000 ---p 00068000 08:0b 681541                     /usr/lib/jvm/java-7-oracle/jre/lib/amd64/libt2k.so
7fa175c3a000-7fa175c41000 rw-p 00068000 08:0b 681541                     /usr/lib/jvm/java-7-oracle/jre/lib/amd64/libt2k.so
7fa175c41000-7fa175c51000 rw-p 00000000 00:00 0 
7fa175c51000-7fa175c54000 ---p 00000000 00:00 0 
7fa175c54000-7fa175d52000 rw-p 00000000 00:00 0                          [stack:9207]
7fa175d52000-7fa175d55000 ---p 00000000 00:00 0 
7fa175d55000-7fa175e53000 rw-p 00000000 00:00 0                          [stack:9206]
7fa175e53000-7fa175e63000 r-xp 00000000 08:0b 681524                     /usr/lib/jvm/java-7-oracle/jre/lib/amd64/libnio.so
7fa175e63000-7fa176063000 ---p 00010000 08:0b 681524                     /usr/lib/jvm/java-7-oracle/jre/lib/amd64/libnio.so
7fa176063000-7fa176064000 rw-p 00010000 08:0b 681524                     /usr/lib/jvm/java-7-oracle/jre/lib/amd64/libnio.so
7fa176064000-7fa17607a000 r-xp 00000000 08:0b 681533                     /usr/lib/jvm/java-7-oracle/jre/lib/amd64/libnet.so
7fa17607a000-7fa17627a000 ---p 00016000 08:0b 681533                     /usr/lib/jvm/java-7-oracle/jre/lib/amd64/libnet.so
7fa17627a000-7fa17627b000 rw-p 00016000 08:0b 681533                     /usr/lib/jvm/java-7-oracle/jre/lib/amd64/libnet.so
7fa17627b000-7fa176291000 r-xp 00000000 08:0b 654925                     /lib/x86_64-linux-gnu/libgcc_s.so.1
7fa176291000-7fa176490000 ---p 00016000 08:0b 654925                     /lib/x86_64-linux-gnu/libgcc_s.so.1
7fa176490000-7fa176491000 rw-p 00015000 08:0b 654925                     /lib/x86_64-linux-gnu/libgcc_s.so.1
7fa176491000-7fa1764f6000 r-xp 00000000 08:0b 681556                     /usr/lib/jvm/java-7-oracle/jre/lib/amd64/libfontmanager.so
7fa1764f6000-7fa1766f5000 ---p 00065000 08:0b 681556                     /usr/lib/jvm/java-7-oracle/jre/lib/amd64/libfontmanager.so
7fa1766f5000-7fa1766f9000 rw-p 00064000 08:0b 681556                     /usr/lib/jvm/java-7-oracle/jre/lib/amd64/libfontmanager.so
7fa1766f9000-7fa17670a000 rw-p 00000000 00:00 0 
7fa17670a000-7fa17670d000 ---p 00000000 00:00 0 
7fa17670d000-7fa17680b000 rw-p 00000000 00:00 0                          [stack:9205]
7fa17680b000-7fa176810000 r-xp 00000000 08:0b 8193                       /usr/lib/x86_64-linux-gnu/libXfixes.so.3.1.0
7fa176810000-7fa176a0f000 ---p 00005000 08:0b 8193                       /usr/lib/x86_64-linux-gnu/libXfixes.so.3.1.0
7fa176a0f000-7fa176a10000 r--p 00004000 08:0b 8193                       /usr/lib/x86_64-linux-gnu/libXfixes.so.3.1.0
7fa176a10000-7fa176a11000 rw-p 00005000 08:0b 8193                       /usr/lib/x86_64-linux-gnu/libXfixes.so.3.1.0
7fa176a11000-7fa176a1a000 r-xp 00000000 08:0b 8185                       /usr/lib/x86_64-linux-gnu/libXcursor.so.1.0.2
7fa176a1a000-7fa176c19000 ---p 00009000 08:0b 8185                       /usr/lib/x86_64-linux-gnu/libXcursor.so.1.0.2
7fa176c19000-7fa176c1a000 r--p 00008000 08:0b 8185                       /usr/lib/x86_64-linux-gnu/libXcursor.so.1.0.2
7fa176c1a000-7fa176c1b000 rw-p 00009000 08:0b 8185                       /usr/lib/x86_64-linux-gnu/libXcursor.so.1.0.2
7fa176c1b000-7fa176c20000 r-xp 00000000 08:0b 8189                       /usr/lib/x86_64-linux-gnu/libXdmcp.so.6.0.0
7fa176c20000-7fa176e1f000 ---p 00005000 08:0b 8189                       /usr/lib/x86_64-linux-gnu/libXdmcp.so.6.0.0
7fa176e1f000-7fa176e20000 r--p 00004000 08:0b 8189                       /usr/lib/x86_64-linux-gnu/libXdmcp.so.6.0.0
7fa176e20000-7fa176e21000 rw-p 00005000 08:0b 8189                       /usr/lib/x86_64-linux-gnu/libXdmcp.so.6.0.0
7fa176e21000-7fa176e23000 r-xp 00000000 08:0b 8178                       /usr/lib/x86_64-linux-gnu/libXau.so.6.0.0
7fa176e23000-7fa177023000 ---p 00002000 08:0b 8178                       /usr/lib/x86_64-linux-gnu/libXau.so.6.0.0
7fa177023000-7fa177024000 r--p 00002000 08:0b 8178                       /usr/lib/x86_64-linux-gnu/libXau.so.6.0.0
7fa177024000-7fa177025000 rw-p 00003000 08:0b 8178                       /usr/lib/x86_64-linux-gnu/libXau.so.6.0.0
7fa177025000-7fa177042000 r-xp 00000000 08:0b 9246                       /usr/lib/x86_64-linux-gnu/libxcb.so.1.1.0
7fa177042000-7fa177242000 ---p 0001d000 08:0b 9246                       /usr/lib/x86_64-linux-gnu/libxcb.so.1.1.0
7fa177242000-7fa177243000 r--p 0001d000 08:0b 9246                       /usr/lib/x86_64-linux-gnu/libxcb.so.1.1.0
7fa177243000-7fa177244000 rw-p 0001e000 08:0b 9246                       /usr/lib/x86_64-linux-gnu/libxcb.so.1.1.0
7fa177244000-7fa177253000 r-xp 00000000 08:0b 8199                       /usr/lib/x86_64-linux-gnu/libXi.so.6.1.0
7fa177253000-7fa177452000 ---p 0000f000 08:0b 8199                       /usr/lib/x86_64-linux-gnu/libXi.so.6.1.0
7fa177452000-7fa177453000 r--p 0000e000 08:0b 8199                       /usr/lib/x86_64-linux-gnu/libXi.so.6.1.0
7fa177453000-7fa177454000 rw-p 0000f000 08:0b 8199                       /usr/lib/x86_64-linux-gnu/libXi.so.6.1.0
7fa177454000-7fa177459000 r-xp 00000000 08:0b 8219                       /usr/lib/x86_64-linux-gnu/libXtst.so.6.1.0
7fa177459000-7fa177658000 ---p 00005000 08:0b 8219                       /usr/lib/x86_64-linux-gnu/libXtst.so.6.1.0
7fa177658000-7fa177659000 r--p 00004000 08:0b 8219                       /usr/lib/x86_64-linux-gnu/libXtst.so.6.1.0
7fa177659000-7fa17765a000 rw-p 00005000 08:0b 8219                       /usr/lib/x86_64-linux-gnu/libXtst.so.6.1.0
7fa17765a000-7fa177663000 r-xp 00000000 08:0b 8213                       /usr/lib/x86_64-linux-gnu/libXrender.so.1.3.0
7fa177663000-7fa177862000 ---p 00009000 08:0b 8213                       /usr/lib/x86_64-linux-gnu/libXrender.so.1.3.0
7fa177862000-7fa177863000 r--p 00008000 08:0b 8213                       /usr/lib/x86_64-linux-gnu/libXrender.so.1.3.0
7fa177863000-7fa177864000 rw-p 00009000 08:0b 8213                       /usr/lib/x86_64-linux-gnu/libXrender.so.1.3.0
7fa177864000-7fa177994000 r-xp 00000000 08:0b 8174                       /usr/lib/x86_64-linux-gnu/libX11.so.6.3.0
7fa177994000-7fa177b94000 ---p 00130000 08:0b 8174                       /usr/lib/x86_64-linux-gnu/libX11.so.6.3.0
7fa177b94000-7fa177b95000 r--p 00130000 08:0b 8174                       /usr/lib/x86_64-linux-gnu/libX11.so.6.3.0
7fa177b95000-7fa177b99000 rw-p 00131000 08:0b 8174                       /usr/lib/x86_64-linux-gnu/libX11.so.6.3.0
7fa177b99000-7fa177baa000 r-xp 00000000 08:0b 8191                       /usr/lib/x86_64-linux-gnu/libXext.so.6.4.0
7fa177baa000-7fa177da9000 ---p 00011000 08:0b 8191                       /usr/lib/x86_64-linux-gnu/libXext.so.6.4.0
7fa177da9000-7fa177daa000 r--p 00010000 08:0b 8191                       /usr/lib/x86_64-linux-gnu/libXext.so.6.4.0
7fa177daa000-7fa177dab000 rw-p 00011000 08:0b 8191                       /usr/lib/x86_64-linux-gnu/libXext.so.6.4.0
7fa177dab000-7fa177dfb000 r-xp 00000000 08:0b 681540                     /usr/lib/jvm/java-7-oracle/jre/lib/amd64/xawt/libmawt.so
7fa177dfb000-7fa177ffb000 ---p 00050000 08:0b 681540                     /usr/lib/jvm/java-7-oracle/jre/lib/amd64/xawt/libmawt.so
7fa177ffb000-7fa177fff000 rw-p 00050000 08:0b 681540                     /usr/lib/jvm/java-7-oracle/jre/lib/amd64/xawt/libmawt.so
7fa177fff000-7fa178000000 rw-p 00000000 00:00 0 
7fa178000000-7fa178021000 rw-p 00000000 00:00 0 
7fa178021000-7fa17c000000 ---p 00000000 00:00 0 
7fa17c000000-7fa17c021000 rw-p 00000000 00:00 0 
7fa17c021000-7fa180000000 ---p 00000000 00:00 0 
7fa180000000-7fa1805f3000 rw-p 00000000 00:00 0 
7fa1805f3000-7fa184000000 ---p 00000000 00:00 0 
7fa184000000-7fa18423a000 rw-p 00000000 00:00 0 
7fa18423a000-7fa188000000 ---p 00000000 00:00 0 
7fa188000000-7fa188021000 rw-p 00000000 00:00 0 
7fa188021000-7fa18c000000 ---p 00000000 00:00 0 
7fa18c000000-7fa18c021000 rw-p 00000000 00:00 0 
7fa18c021000-7fa190000000 ---p 00000000 00:00 0 
7fa190000000-7fa190021000 rw-p 00000000 00:00 0 
7fa190021000-7fa194000000 ---p 00000000 00:00 0 
7fa194000000-7fa194021000 rw-p 00000000 00:00 0 
7fa194021000-7fa198000000 ---p 00000000 00:00 0 
7fa198000000-7fa198021000 rw-p 00000000 00:00 0 
7fa198021000-7fa19c000000 ---p 00000000 00:00 0 
7fa19c000000-7fa19c021000 rw-p 00000000 00:00 0 
7fa19c021000-7fa1a0000000 ---p 00000000 00:00 0 
7fa1a0000000-7fa1a0021000 rw-p 00000000 00:00 0 
7fa1a0021000-7fa1a4000000 ---p 00000000 00:00 0 
7fa1a4010000-7fa1a4014000 r--s 000f7000 08:0b 682819                     /usr/lib/jvm/java-7-oracle/jre/lib/ext/localedata.jar
7fa1a4014000-7fa1a4017000 ---p 00000000 00:00 0 
7fa1a4017000-7fa1a4115000 rw-p 00000000 00:00 0                          [stack:9203]
7fa1a4115000-7fa1a41b7000 r-xp 00000000 08:0b 681516                     /usr/lib/jvm/java-7-oracle/jre/lib/amd64/libawt.so
7fa1a41b7000-7fa1a43b7000 ---p 000a2000 08:0b 681516                     /usr/lib/jvm/java-7-oracle/jre/lib/amd64/libawt.so
7fa1a43b7000-7fa1a43c3000 rw-p 000a2000 08:0b 681516                     /usr/lib/jvm/java-7-oracle/jre/lib/amd64/libawt.so
7fa1a43c3000-7fa1a43e7000 rw-p 00000000 00:00 0 
7fa1a43e7000-7fa1a43e8000 ---p 00000000 00:00 0 
7fa1a43e8000-7fa1a44e8000 rw-p 00000000 00:00 0                          [stack:9202]
7fa1a44e8000-7fa1a44eb000 ---p 00000000 00:00 0 
7fa1a44eb000-7fa1a45e9000 rw-p 00000000 00:00 0                          [stack:9201]
7fa1a45e9000-7fa1a45ec000 ---p 00000000 00:00 0 
7fa1a45ec000-7fa1a46ea000 rw-p 00000000 00:00 0                          [stack:9200]
7fa1a46ea000-7fa1a46ed000 ---p 00000000 00:00 0 
7fa1a46ed000-7fa1a47eb000 rw-p 00000000 00:00 0                          [stack:9199]
7fa1a47eb000-7fa1a47ee000 ---p 00000000 00:00 0 
7fa1a47ee000-7fa1a48ec000 rw-p 00000000 00:00 0                          [stack:9198]
7fa1a48ec000-7fa1a4fd0000 r--p 00000000 08:0b 5996                       /usr/lib/locale/locale-archive
7fa1a4fd0000-7fa1a8000000 rw-p 00000000 00:00 0 
7fa1a8000000-7fa1a8021000 rw-p 00000000 00:00 0 
7fa1a8021000-7fa1ac000000 ---p 00000000 00:00 0 
7fa1ac003000-7fa1ac007000 r--s 0008a000 08:0b 681488                     /usr/lib/jvm/java-7-oracle/jre/lib/jsse.jar
7fa1ac007000-7fa1ac010000 r--s 00251000 08:0b 682814                     /usr/lib/jvm/java-7-oracle/jre/lib/resources.jar
7fa1ac010000-7fa1ac011000 r--s 00000000 08:0b 148645                     /var/cache/fontconfig/c05880de57d1f5e948fdfacc138775d9-le64.cache-4
7fa1ac011000-7fa1ac01c000 r--s 00000000 08:0b 148639                     /var/cache/fontconfig/945677eb7aeaf62f1d50efc3fb3ec7d8-le64.cache-4
7fa1ac01c000-7fa1ac022000 r--s 00000000 08:0b 148625                     /var/cache/fontconfig/2cd17615ca594fa2959ae173292e504c-le64.cache-4
7fa1ac022000-7fa1ac023000 r--s 00000000 08:0b 148655                     /var/cache/fontconfig/e7071f4a29fa870f4323321c154eba04-le64.cache-4
7fa1ac023000-7fa1ac024000 r--s 00000000 08:0b 148622                     /var/cache/fontconfig/0d8c3b2ac0904cb8a57a757ad11a4a08-le64.cache-4
7fa1ac024000-7fa1ac02b000 r--s 00000000 08:0b 148642                     /var/cache/fontconfig/a755afe4a08bf5b97852ceb7400b47bc-le64.cache-4
7fa1ac02b000-7fa1ac03f000 r--s 00000000 08:0b 148620                     /var/cache/fontconfig/04aabc0a78ac019cf9454389977116d2-le64.cache-4
7fa1ac03f000-7fa1ac040000 r--s 00000000 08:0b 148624                     /var/cache/fontconfig/1ac9eb803944fde146138c791f5cc56a-le64.cache-4
7fa1ac040000-7fa1ac044000 r--s 00000000 08:0b 148628                     /var/cache/fontconfig/385c0604a188198f04d133e54aba7fe7-le64.cache-4
7fa1ac044000-7fa1ac045000 r--s 00000000 08:0b 148652                     /var/cache/fontconfig/dc05db6664285cc2f12bf69c139ae4c3-le64.cache-4
7fa1ac045000-7fa1ac047000 r--s 00000000 08:0b 148636                     /var/cache/fontconfig/767a8244fc0220cfb567a839d0392e0b-le64.cache-4
7fa1ac047000-7fa1ac048000 r--s 00000000 08:0b 148630                     /var/cache/fontconfig/4794a0821666d79190d59a36cb4f44b5-le64.cache-4
7fa1ac048000-7fa1ac04d000 r--s 00000000 08:0b 148638                     /var/cache/fontconfig/8801497958630a81b71ace7c5f9b32a8-le64.cache-4
7fa1ac04d000-7fa1ac054000 r--s 00000000 08:0b 148626                     /var/cache/fontconfig/3047814df9a2f067bd2d96a2b9c36e5a-le64.cache-4
7fa1ac054000-7fa1ac067000 r--s 00000000 08:0b 148649                     /var/cache/fontconfig/d52a8644073d54c13679302ca1180695-le64.cache-4
7fa1ac067000-7fa1ac070000 r--s 00000000 08:0b 148629                     /var/cache/fontconfig/3f7329c5293ffd510edef78f73874cfd-le64.cache-4
7fa1ac070000-7fa1ac07d000 r--s 00000000 08:0b 139195                     /var/cache/fontconfig/e13b20fdb08344e0e664864cc2ede53d-le64.cache-4
7fa1ac07d000-7fa1ac0ae000 rw-p 00000000 00:00 0 
7fa1ac0ae000-7fa1ac0d0000 r--p 00000000 08:0b 291389                     /usr/share/locale-langpack/pt_BR/LC_MESSAGES/libc.mo
7fa1ac0d0000-7fa1ac0d3000 ---p 00000000 00:00 0 
7fa1ac0d3000-7fa1ac1d1000 rw-p 00000000 00:00 0                          [stack:9197]
7fa1ac1d1000-7fa1ac1d4000 ---p 00000000 00:00 0 
7fa1ac1d4000-7fa1ac2d2000 rw-p 00000000 00:00 0                          [stack:9196]
7fa1ac2d2000-7fa1ac2d3000 ---p 00000000 00:00 0 
7fa1ac2d3000-7fa1ad000000 rw-p 00000000 00:00 0                          [stack:9195]
7fa1ad000000-7fa1ad270000 rwxp 00000000 00:00 0 
7fa1ad270000-7fa1b02b0000 rw-p 00000000 00:00 0 
7fa1b02b0000-7fa1b4000000 ---p 00000000 00:00 0 
7fa1b4000000-7fa1b4006000 r--s 00000000 08:0b 148643                     /var/cache/fontconfig/b47c4e1ecd0709278f4910c18777a504-le64.cache-4
7fa1b4006000-7fa1b400a000 r--s 00000000 08:0b 148650                     /var/cache/fontconfig/d589a48862398ed80a3d6066f4f56f4c-le64.cache-4
7fa1b400a000-7fa1b4011000 r--s 00000000 08:0b 261590                     /usr/lib/x86_64-linux-gnu/gconv/gconv-modules.cache
7fa1b4011000-7fa1b401c000 r--s 0037c000 08:0b 682854                     /usr/lib/jvm/java-7-oracle/jre/lib/charsets.jar
7fa1b401c000-7fa1b43ee000 rw-p 00000000 00:00 0 
7fa1b43ee000-7fa1b45ac000 r--s 039d0000 08:0b 682828                     /usr/lib/jvm/java-7-oracle/jre/lib/rt.jar
7fa1b45ac000-7fa1b49a8000 rw-p 00000000 00:00 0 
7fa1b49a8000-7fa1b49a9000 ---p 00000000 00:00 0 
7fa1b49a9000-7fa1b4aa9000 rw-p 00000000 00:00 0                          [stack:9194]
7fa1b4aa9000-7fa1b4aaa000 ---p 00000000 00:00 0 
7fa1b4aaa000-7fa1b4baa000 rw-p 00000000 00:00 0                          [stack:9193]
7fa1b4baa000-7fa1b4bab000 ---p 00000000 00:00 0 
7fa1b4bab000-7fa1b4cab000 rw-p 00000000 00:00 0                          [stack:9192]
7fa1b4cab000-7fa1b4cac000 ---p 00000000 00:00 0 
7fa1b4cac000-7fa1b4db7000 rw-p 00000000 00:00 0                          [stack:9191]
7fa1b4db7000-7fa1b4dd5000 rw-p 00000000 00:00 0 
7fa1b4dd5000-7fa1b4df4000 rw-p 00000000 00:00 0 
7fa1b4df4000-7fa1b4fbc000 rw-p 00000000 00:00 0 
7fa1b4fbc000-7fa1b4fc7000 rw-p 00000000 00:00 0 
7fa1b4fc7000-7fa1b4fe5000 rw-p 00000000 00:00 0 
7fa1b4fe5000-7fa1b5004000 rw-p 00000000 00:00 0 
7fa1b5004000-7fa1b51cb000 rw-p 00000000 00:00 0 
7fa1b51cb000-7fa1b51db000 rw-p 00000000 00:00 0 
7fa1b51db000-7fa1b52bf000 rw-p 00000000 00:00 0 
7fa1b52bf000-7fa1b52c0000 rw-p 00000000 00:00 0 
7fa1b52c0000-7fa1b52da000 r-xp 00000000 08:0b 681559                     /usr/lib/jvm/java-7-oracle/jre/lib/amd64/libzip.so
7fa1b52da000-7fa1b54da000 ---p 0001a000 08:0b 681559                     /usr/lib/jvm/java-7-oracle/jre/lib/amd64/libzip.so
7fa1b54da000-7fa1b54db000 rw-p 0001a000 08:0b 681559                     /usr/lib/jvm/java-7-oracle/jre/lib/amd64/libzip.so
7fa1b54db000-7fa1b54e6000 r-xp 00000000 08:0b 654973                     /lib/x86_64-linux-gnu/libnss_files-2.19.so
7fa1b54e6000-7fa1b56e5000 ---p 0000b000 08:0b 654973                     /lib/x86_64-linux-gnu/libnss_files-2.19.so
7fa1b56e5000-7fa1b56e6000 r--p 0000a000 08:0b 654973                     /lib/x86_64-linux-gnu/libnss_files-2.19.so
7fa1b56e6000-7fa1b56e7000 rw-p 0000b000 08:0b 654973                     /lib/x86_64-linux-gnu/libnss_files-2.19.so
7fa1b56e7000-7fa1b56f2000 r-xp 00000000 08:0b 654983                     /lib/x86_64-linux-gnu/libnss_nis-2.19.so
7fa1b56f2000-7fa1b58f1000 ---p 0000b000 08:0b 654983                     /lib/x86_64-linux-gnu/libnss_nis-2.19.so
7fa1b58f1000-7fa1b58f2000 r--p 0000a000 08:0b 654983                     /lib/x86_64-linux-gnu/libnss_nis-2.19.so
7fa1b58f2000-7fa1b58f3000 rw-p 0000b000 08:0b 654983                     /lib/x86_64-linux-gnu/libnss_nis-2.19.so
7fa1b58f3000-7fa1b590a000 r-xp 00000000 08:0b 654967                     /lib/x86_64-linux-gnu/libnsl-2.19.so
7fa1b590a000-7fa1b5b09000 ---p 00017000 08:0b 654967                     /lib/x86_64-linux-gnu/libnsl-2.19.so
7fa1b5b09000-7fa1b5b0a000 r--p 00016000 08:0b 654967                     /lib/x86_64-linux-gnu/libnsl-2.19.so
7fa1b5b0a000-7fa1b5b0b000 rw-p 00017000 08:0b 654967                     /lib/x86_64-linux-gnu/libnsl-2.19.so
7fa1b5b0b000-7fa1b5b0d000 rw-p 00000000 00:00 0 
7fa1b5b0d000-7fa1b5b16000 r-xp 00000000 08:0b 654969                     /lib/x86_64-linux-gnu/libnss_compat-2.19.so
7fa1b5b16000-7fa1b5d15000 ---p 00009000 08:0b 654969                     /lib/x86_64-linux-gnu/libnss_compat-2.19.so
7fa1b5d15000-7fa1b5d16000 r--p 00008000 08:0b 654969                     /lib/x86_64-linux-gnu/libnss_compat-2.19.so
7fa1b5d16000-7fa1b5d17000 rw-p 00009000 08:0b 654969                     /lib/x86_64-linux-gnu/libnss_compat-2.19.so
7fa1b5d17000-7fa1b5d40000 r-xp 00000000 08:0b 681527                     /usr/lib/jvm/java-7-oracle/jre/lib/amd64/libjava.so
7fa1b5d40000-7fa1b5f40000 ---p 00029000 08:0b 681527                     /usr/lib/jvm/java-7-oracle/jre/lib/amd64/libjava.so
7fa1b5f40000-7fa1b5f42000 rw-p 00029000 08:0b 681527                     /usr/lib/jvm/java-7-oracle/jre/lib/amd64/libjava.so
7fa1b5f42000-7fa1b5f4f000 r-xp 00000000 08:0b 681534                     /usr/lib/jvm/java-7-oracle/jre/lib/amd64/libverify.so
7fa1b5f4f000-7fa1b614e000 ---p 0000d000 08:0b 681534                     /usr/lib/jvm/java-7-oracle/jre/lib/amd64/libverify.so
7fa1b614e000-7fa1b6150000 rw-p 0000c000 08:0b 681534                     /usr/lib/jvm/java-7-oracle/jre/lib/amd64/libverify.so
7fa1b6150000-7fa1b6157000 r-xp 00000000 08:0b 655026                     /lib/x86_64-linux-gnu/librt-2.19.so
7fa1b6157000-7fa1b6356000 ---p 00007000 08:0b 655026                     /lib/x86_64-linux-gnu/librt-2.19.so
7fa1b6356000-7fa1b6357000 r--p 00006000 08:0b 655026                     /lib/x86_64-linux-gnu/librt-2.19.so
7fa1b6357000-7fa1b6358000 rw-p 00007000 08:0b 655026                     /lib/x86_64-linux-gnu/librt-2.19.so
7fa1b6358000-7fa1b645d000 r-xp 00000000 08:0b 654948                     /lib/x86_64-linux-gnu/libm-2.19.so
7fa1b645d000-7fa1b665c000 ---p 00105000 08:0b 654948                     /lib/x86_64-linux-gnu/libm-2.19.so
7fa1b665c000-7fa1b665d000 r--p 00104000 08:0b 654948                     /lib/x86_64-linux-gnu/libm-2.19.so
7fa1b665d000-7fa1b665e000 rw-p 00105000 08:0b 654948                     /lib/x86_64-linux-gnu/libm-2.19.so
7fa1b665e000-7fa1b71c0000 r-xp 00000000 08:0b 681537                     /usr/lib/jvm/java-7-oracle/jre/lib/amd64/server/libjvm.so
7fa1b71c0000-7fa1b73c0000 ---p 00b62000 08:0b 681537                     /usr/lib/jvm/java-7-oracle/jre/lib/amd64/server/libjvm.so
7fa1b73c0000-7fa1b7483000 rw-p 00b62000 08:0b 681537                     /usr/lib/jvm/java-7-oracle/jre/lib/amd64/server/libjvm.so
7fa1b7483000-7fa1b74c4000 rw-p 00000000 00:00 0 
7fa1b74c4000-7fa1b7680000 r-xp 00000000 08:0b 654898                     /lib/x86_64-linux-gnu/libc-2.19.so
7fa1b7680000-7fa1b787f000 ---p 001bc000 08:0b 654898                     /lib/x86_64-linux-gnu/libc-2.19.so
7fa1b787f000-7fa1b7883000 r--p 001bb000 08:0b 654898                     /lib/x86_64-linux-gnu/libc-2.19.so
7fa1b7883000-7fa1b7885000 rw-p 001bf000 08:0b 654898                     /lib/x86_64-linux-gnu/libc-2.19.so
7fa1b7885000-7fa1b788a000 rw-p 00000000 00:00 0 
7fa1b788a000-7fa1b788d000 r-xp 00000000 08:0b 654915                     /lib/x86_64-linux-gnu/libdl-2.19.so
7fa1b788d000-7fa1b7a8c000 ---p 00003000 08:0b 654915                     /lib/x86_64-linux-gnu/libdl-2.19.so
7fa1b7a8c000-7fa1b7a8d000 r--p 00002000 08:0b 654915                     /lib/x86_64-linux-gnu/libdl-2.19.so
7fa1b7a8d000-7fa1b7a8e000 rw-p 00003000 08:0b 654915                     /lib/x86_64-linux-gnu/libdl-2.19.so
7fa1b7a8e000-7fa1b7aa4000 r-xp 00000000 08:0b 683515                     /usr/lib/jvm/java-7-oracle/lib/amd64/jli/libjli.so
7fa1b7aa4000-7fa1b7ca4000 ---p 00016000 08:0b 683515                     /usr/lib/jvm/java-7-oracle/lib/amd64/jli/libjli.so
7fa1b7ca4000-7fa1b7ca5000 rw-p 00016000 08:0b 683515                     /usr/lib/jvm/java-7-oracle/lib/amd64/jli/libjli.so
7fa1b7ca5000-7fa1b7cbe000 r-xp 00000000 08:0b 655018                     /lib/x86_64-linux-gnu/libpthread-2.19.so
7fa1b7cbe000-7fa1b7ebd000 ---p 00019000 08:0b 655018                     /lib/x86_64-linux-gnu/libpthread-2.19.so
7fa1b7ebd000-7fa1b7ebe000 r--p 00018000 08:0b 655018                     /lib/x86_64-linux-gnu/libpthread-2.19.so
7fa1b7ebe000-7fa1b7ebf000 rw-p 00019000 08:0b 655018                     /lib/x86_64-linux-gnu/libpthread-2.19.so
7fa1b7ebf000-7fa1b7ec3000 rw-p 00000000 00:00 0 
7fa1b7ec3000-7fa1b7ee6000 r-xp 00000000 08:0b 654874                     /lib/x86_64-linux-gnu/ld-2.19.so
7fa1b7ee6000-7fa1b7ee7000 r--s 00000000 08:0b 148632                     /var/cache/fontconfig/56cf4f4769d0f4abc89a4895d7bd3ae1-le64.cache-4
7fa1b7ee7000-7fa1b7f10000 rw-p 00000000 00:00 0 
7fa1b7f10000-7fa1b7fc6000 rw-p 00000000 00:00 0 
7fa1b7fc6000-7fa1b7fc9000 ---p 00000000 00:00 0 
7fa1b7fc9000-7fa1b80cb000 rw-p 00000000 00:00 0                          [stack:9190]
7fa1b80cb000-7fa1b80cc000 r--s 00000000 08:0b 148644                     /var/cache/fontconfig/b9d506c9ac06c20b433354fa67a72993-le64.cache-4
7fa1b80cc000-7fa1b80cd000 r--s 00000000 08:0b 148621                     /var/cache/fontconfig/0c9eb80ebd1c36541ebe2852d3bb0c49-le64.cache-4
7fa1b80cd000-7fa1b80d1000 r--s 00000000 08:0b 143491                     /var/cache/fontconfig/7ef2298fde41cc6eeb7af42e48b7d293-le64.cache-4
7fa1b80d1000-7fa1b80d9000 r--s 000c3000 08:0e 1706526                    /home/dayan/netbeans-8.0/ide/modules/ext/mysql-connector-java-5.1.23-bin.jar
7fa1b80d9000-7fa1b80e1000 rw-s 00000000 08:0b 11867                      /tmp/hsperfdata_dayan/9185
7fa1b80e1000-7fa1b80e2000 rw-p 00000000 00:00 0 
7fa1b80e2000-7fa1b80e3000 r--p 00000000 00:00 0 
7fa1b80e3000-7fa1b80e5000 rw-p 00000000 00:00 0 
7fa1b80e5000-7fa1b80e6000 r--p 00022000 08:0b 654874                     /lib/x86_64-linux-gnu/ld-2.19.so
7fa1b80e6000-7fa1b80e7000 rw-p 00023000 08:0b 654874                     /lib/x86_64-linux-gnu/ld-2.19.so
7fa1b80e7000-7fa1b80e8000 rw-p 00000000 00:00 0 
7fff4a0c1000-7fff4a0e2000 rw-p 00000000 00:00 0                          [stack]
7fff4a1fe000-7fff4a200000 r-xp 00000000 00:00 0                          [vdso]
ffffffffff600000-ffffffffff601000 r-xp 00000000 00:00 0                  [vsyscall]

VM Arguments:
jvm_args: -Dfile.encoding=UTF-8 
java_command: Telas.Estudantes
Launcher Type: SUN_STANDARD

Environment Variables:
PATH=/usr/local/sbin:/usr/local/bin:/usr/sbin:/usr/bin:/sbin:/bin:/usr/games:/usr/local/games
LD_LIBRARY_PATH=/usr/lib/jvm/java-7-oracle/jre/lib/amd64:/usr/lib/jvm/java-7-oracle/jre/lib/i386:
SHELL=/bin/bash
DISPLAY=:0

Signal Handlers:
SIGSEGV: [libjvm.so+0x993980], sa_mask[0]=0x7ffbfeff, sa_flags=0x10000004
SIGBUS: [libjvm.so+0x993980], sa_mask[0]=0x7ffbfeff, sa_flags=0x10000004
SIGFPE: [libjvm.so+0x8106e0], sa_mask[0]=0x7ffbfeff, sa_flags=0x10000004
SIGPIPE: [libjvm.so+0x8106e0], sa_mask[0]=0x7ffbfeff, sa_flags=0x10000004
SIGXFSZ: [libjvm.so+0x8106e0], sa_mask[0]=0x7ffbfeff, sa_flags=0x10000004
SIGILL: [libjvm.so+0x8106e0], sa_mask[0]=0x7ffbfeff, sa_flags=0x10000004
SIGUSR1: SIG_DFL, sa_mask[0]=0x00000000, sa_flags=0x00000000
SIGUSR2: [libjvm.so+0x811bd0], sa_mask[0]=0x00000004, sa_flags=0x10000004
SIGHUP: [libjvm.so+0x812b40], sa_mask[0]=0x7ffbfeff, sa_flags=0x10000004
SIGINT: SIG_IGN, sa_mask[0]=0x00000000, sa_flags=0x00000000
SIGTERM: [libjvm.so+0x812b40], sa_mask[0]=0x7ffbfeff, sa_flags=0x10000004
SIGQUIT: [libjvm.so+0x812b40], sa_mask[0]=0x7ffbfeff, sa_flags=0x10000004


---------------  S Y S T E M  ---------------

OS:jessie/sid

uname:Linux 3.13.0-24-generic #47-Ubuntu SMP Fri May 2 23:30:00 UTC 2014 x86_64
libc:glibc 2.19 NPTL 2.19 
rlimit: STACK 8192k, CORE 0k, NPROC 44989, NOFILE 4096, AS infinity
load average:0,77 0,48 0,33

/proc/meminfo:
MemTotal:        5974728 kB
MemFree:         1925896 kB
Buffers:          270256 kB
Cached:          1794428 kB
SwapCached:            0 kB
Active:          2564132 kB
Inactive:        1227320 kB
Active(anon):    1729372 kB
Inactive(anon):    94268 kB
Active(file):     834760 kB
Inactive(file):  1133052 kB
Unevictable:          56 kB
Mlocked:              56 kB
SwapTotal:       2929660 kB
SwapFree:        2929660 kB
Dirty:               620 kB
Writeback:             0 kB
AnonPages:       1697404 kB
Mapped:           135896 kB
Shmem:             97096 kB
Slab:             160012 kB
SReclaimable:     125264 kB
SUnreclaim:        34748 kB
KernelStack:        2752 kB
PageTables:        14396 kB
NFS_Unstable:          0 kB
Bounce:                0 kB
WritebackTmp:          0 kB
CommitLimit:     5917024 kB
Committed_AS:    3628716 kB
VmallocTotal:   34359738367 kB
VmallocUsed:      407784 kB
VmallocChunk:   34359291544 kB
HardwareCorrupted:     0 kB
AnonHugePages:   1564672 kB
HugePages_Total:       0
HugePages_Free:        0
HugePages_Rsvd:        0
HugePages_Surp:        0
Hugepagesize:       2048 kB
DirectMap4k:       99808 kB
DirectMap2M:     6053888 kB


CPU:total 4 (2 cores per cpu, 2 threads per core) family 6 model 58 stepping 9, cmov, cx8, fxsr, mmx, sse, sse2, sse3, ssse3, sse4.1, sse4.2, popcnt, avx, aes, erms, ht, tsc, tscinvbit, tscinv

/proc/cpuinfo:
processor	: 0
vendor_id	: GenuineIntel
cpu family	: 6
model		: 58
model name	: Intel(R) Core(TM) i5-3337U CPU @ 1.80GHz
stepping	: 9
microcode	: 0x17
cpu MHz		: 1801.000
cache size	: 3072 KB
physical id	: 0
siblings	: 4
core id		: 0
cpu cores	: 2
apicid		: 0
initial apicid	: 0
fpu		: yes
fpu_exception	: yes
cpuid level	: 13
wp		: yes
flags		: fpu vme de pse tsc msr pae mce cx8 apic sep mtrr pge mca cmov pat pse36 clflush dts acpi mmx fxsr sse sse2 ss ht tm pbe syscall nx rdtscp lm constant_tsc arch_perfmon pebs bts rep_good nopl xtopology nonstop_tsc aperfmperf eagerfpu pni pclmulqdq dtes64 monitor ds_cpl vmx est tm2 ssse3 cx16 xtpr pdcm pcid sse4_1 sse4_2 x2apic popcnt tsc_deadline_timer aes xsave avx f16c rdrand lahf_lm ida arat epb xsaveopt pln pts dtherm tpr_shadow vnmi flexpriority ept vpid fsgsbase smep erms
bogomips	: 3591.82
clflush size	: 64
cache_alignment	: 64
address sizes	: 36 bits physical, 48 bits virtual
power management:

processor	: 1
vendor_id	: GenuineIntel
cpu family	: 6
model		: 58
model name	: Intel(R) Core(TM) i5-3337U CPU @ 1.80GHz
stepping	: 9
microcode	: 0x17
cpu MHz		: 1801.000
cache size	: 3072 KB
physical id	: 0
siblings	: 4
core id		: 1
cpu cores	: 2
apicid		: 2
initial apicid	: 2
fpu		: yes
fpu_exception	: yes
cpuid level	: 13
wp		: yes
flags		: fpu vme de pse tsc msr pae mce cx8 apic sep mtrr pge mca cmov pat pse36 clflush dts acpi mmx fxsr sse sse2 ss ht tm pbe syscall nx rdtscp lm constant_tsc arch_perfmon pebs bts rep_good nopl xtopology nonstop_tsc aperfmperf eagerfpu pni pclmulqdq dtes64 monitor ds_cpl vmx est tm2 ssse3 cx16 xtpr pdcm pcid sse4_1 sse4_2 x2apic popcnt tsc_deadline_timer aes xsave avx f16c rdrand lahf_lm ida arat epb xsaveopt pln pts dtherm tpr_shadow vnmi flexpriority ept vpid fsgsbase smep erms
bogomips	: 3591.82
clflush size	: 64
cache_alignment	: 64
address sizes	: 36 bits physical, 48 bits virtual
power management:

processor	: 2
vendor_id	: GenuineIntel
cpu family	: 6
model		: 58
model name	: Intel(R) Core(TM) i5-3337U CPU @ 1.80GHz
stepping	: 9
microcode	: 0x17
cpu MHz		: 1801.000
cache size	: 3072 KB
physical id	: 0
siblings	: 4
core id		: 0
cpu cores	: 2
apicid		: 1
initial apicid	: 1
fpu		: yes
fpu_exception	: yes
cpuid level	: 13
wp		: yes
flags		: fpu vme de pse tsc msr pae mce cx8 apic sep mtrr pge mca cmov pat pse36 clflush dts acpi mmx fxsr sse sse2 ss ht tm pbe syscall nx rdtscp lm constant_tsc arch_perfmon pebs bts rep_good nopl xtopology nonstop_tsc aperfmperf eagerfpu pni pclmulqdq dtes64 monitor ds_cpl vmx est tm2 ssse3 cx16 xtpr pdcm pcid sse4_1 sse4_2 x2apic popcnt tsc_deadline_timer aes xsave avx f16c rdrand lahf_lm ida arat epb xsaveopt pln pts dtherm tpr_shadow vnmi flexpriority ept vpid fsgsbase smep erms
bogomips	: 3591.82
clflush size	: 64
cache_alignment	: 64
address sizes	: 36 bits physical, 48 bits virtual
power management:

processor	: 3
vendor_id	: GenuineIntel
cpu family	: 6
model		: 58
model name	: Intel(R) Core(TM) i5-3337U CPU @ 1.80GHz
stepping	: 9
microcode	: 0x17
cpu MHz		: 1801.000
cache size	: 3072 KB
physical id	: 0
siblings	: 4
core id		: 1
cpu cores	: 2
apicid		: 3
initial apicid	: 3
fpu		: yes
fpu_exception	: yes
cpuid level	: 13
wp		: yes
flags		: fpu vme de pse tsc msr pae mce cx8 apic sep mtrr pge mca cmov pat pse36 clflush dts acpi mmx fxsr sse sse2 ss ht tm pbe syscall nx rdtscp lm constant_tsc arch_perfmon pebs bts rep_good nopl xtopology nonstop_tsc aperfmperf eagerfpu pni pclmulqdq dtes64 monitor ds_cpl vmx est tm2 ssse3 cx16 xtpr pdcm pcid sse4_1 sse4_2 x2apic popcnt tsc_deadline_timer aes xsave avx f16c rdrand lahf_lm ida arat epb xsaveopt pln pts dtherm tpr_shadow vnmi flexpriority ept vpid fsgsbase smep erms
bogomips	: 3591.82
clflush size	: 64
cache_alignment	: 64
address sizes	: 36 bits physical, 48 bits virtual
power management:



Memory: 4k page, physical 5974728k(1938328k free), swap 2929660k(2929660k free)

vm_info: Java HotSpot(TM) 64-Bit Server VM (24.55-b03) for linux-amd64 JRE (1.7.0_55-b13), built on Mar 17 2014 19:43:58 by "java_re" with gcc 4.3.0 20080428 (Red Hat 4.3.0-8)

time: Sun May 18 09:48:20 2014
elapsed time: 44877 seconds

